<?xml version="1.0" encoding="UTF-8"?>
<!-- Generated by org.testng.reporters.JUnitReportReporter -->
<testsuite hostname="LAPTOP-GF5D5DBM" failures="0" tests="1" name="com.learnautomation.testcases.LoginTestCRM" time="9.381" errors="0" timestamp="2021-02-01T20:36:22 CET" skipped="0">
  <testcase classname="com.learnautomation.testcases.LoginTestCRM" name="loginApp" time="9.381"/>
  <system-out/>
</testsuite> <!-- com.learnautomation.testcases.LoginTestCRM -->
