<?xml version="1.0" encoding="UTF-8"?>
<!-- Generated by org.testng.reporters.JUnitReportReporter -->
<testsuite hostname="LAPTOP-GF5D5DBM" failures="0" tests="1" name="CompanySrkiPOM.MyPOMProject.AppTest" time="0.012" errors="0" timestamp="2021-01-31T15:57:03 CET" skipped="0">
  <testcase classname="CompanySrkiPOM.MyPOMProject.AppTest" name="shouldAnswerWithTrue" time="0.012"/>
  <system-out/>
</testsuite> <!-- CompanySrkiPOM.MyPOMProject.AppTest -->
